<?xml version="1.0" encoding="UTF-8"?>
<!-- Generated by org.testng.reporters.JUnitReportReporter -->
<testsuite hostname="DESKTOP-J4MDNS6" failures="0" tests="17" name="testingClass_51Cases.homePageTests" time="36.164" errors="0" timestamp="2022-06-02T21:01:46 EDT" skipped="16">
  <testcase classname="testingClass_51Cases.homePageTests" name="HomeArrivalsAddToBasketItemsCheckoutPaymentGatewayPlaceOrder" time="36.164"/>
  <system-out/>
  <testcase classname="testingClass_51Cases.homePageTests" name="HomeArrivalsAddToBasketItemsCoupon">
    <skipped/>
  </testcase> <!-- HomeArrivalsAddToBasketItemsCoupon -->
  <system-out/>
  <testcase classname="testingClass_51Cases.homePageTests" name="HomePageArrivalsAddToBasketWithMoreBooks">
    <skipped/>
  </testcase> <!-- HomePageArrivalsAddToBasketWithMoreBooks -->
  <system-out/>
  <testcase classname="testingClass_51Cases.homePageTests" name="homePageArrivalsImagesReviews">
    <skipped/>
  </testcase> <!-- homePageArrivalsImagesReviews -->
  <system-out/>
  <testcase classname="testingClass_51Cases.homePageTests" name="HomePageArrivalsImagesDescription">
    <skipped/>
  </testcase> <!-- HomePageArrivalsImagesDescription -->
  <system-out/>
  <testcase classname="testingClass_51Cases.homePageTests" name="HomeArrivalsAddToBasketItemsCheckoutFunctionality">
    <skipped/>
  </testcase> <!-- HomeArrivalsAddToBasketItemsCheckoutFunctionality -->
  <system-out/>
  <testcase classname="testingClass_51Cases.homePageTests" name="HomeArrivalsAddToBasketItemsCheckoutTotalSubtotalcondition">
    <skipped/>
  </testcase> <!-- HomeArrivalsAddToBasketItemsCheckoutTotalSubtotalcondition -->
  <system-out/>
  <testcase classname="testingClass_51Cases.homePageTests" name="HomeArrivalsAddToBasketItemsAddbook">
    <skipped/>
  </testcase> <!-- HomeArrivalsAddToBasketItemsAddbook -->
  <system-out/>
  <testcase classname="testingClass_51Cases.homePageTests" name="HomePageWithThreeSlidersOnly">
    <skipped/>
  </testcase> <!-- HomePageWithThreeSlidersOnly -->
  <system-out/>
  <testcase classname="testingClass_51Cases.homePageTests" name="HomeArrivalsAddToBasketItemsRemoveBook">
    <skipped/>
  </testcase> <!-- HomeArrivalsAddToBasketItemsRemoveBook -->
  <system-out/>
  <testcase classname="testingClass_51Cases.homePageTests" name="HomePageImagesArrivalsShouldNavigate">
    <skipped/>
  </testcase> <!-- HomePageImagesArrivalsShouldNavigate -->
  <system-out/>
  <testcase classname="testingClass_51Cases.homePageTests" name="HomeArrivalsAddToBasketItemsCheckoutBookFinalPrice">
    <skipped/>
  </testcase> <!-- HomeArrivalsAddToBasketItemsCheckoutBookFinalPrice -->
  <system-out/>
  <testcase classname="testingClass_51Cases.homePageTests" name="HomeArrivalsAddToBasketItemsCouponValueLessthan450">
    <skipped/>
  </testcase> <!-- HomeArrivalsAddToBasketItemsCouponValueLessthan450 -->
  <system-out/>
  <testcase classname="testingClass_51Cases.homePageTests" name="homePageArrivalsAddToBasket">
    <skipped/>
  </testcase> <!-- homePageArrivalsAddToBasket -->
  <system-out/>
  <testcase classname="testingClass_51Cases.homePageTests" name="HomePageWithThreeArrivalsOnly">
    <skipped/>
  </testcase> <!-- HomePageWithThreeArrivalsOnly -->
  <system-out/>
  <testcase classname="testingClass_51Cases.homePageTests" name="HomeArrivalsAddToBasketItems">
    <skipped/>
  </testcase> <!-- HomeArrivalsAddToBasketItems -->
  <system-out/>
  <testcase classname="testingClass_51Cases.homePageTests" name="HomeArrivalsAddToBasketItemsCheckoutPaymentGateway">
    <skipped/>
  </testcase> <!-- HomeArrivalsAddToBasketItemsCheckoutPaymentGateway -->
  <system-out/>
</testsuite> <!-- testingClass_51Cases.homePageTests -->
